

<!DOCTYPE html>
<html>
<head>
<meta charset="UTF-8">
<meta name="viewport" content="width=device-width, initial-scale=1, shrink-to-fit=no">
<title>Storyboard Systems Test Report</title>
<link rel="apple-touch-icon" href="https://cdn.jsdelivr.net/gh/extent-framework/extent-github-cdn@b00a2d0486596e73dd7326beacf352c639623a0e/commons/img/logo.png">
<link rel="shortcut icon" href="https://cdn.jsdelivr.net/gh/extent-framework/extent-github-cdn@b00a2d0486596e73dd7326beacf352c639623a0e/commons/img/logo.png">
<link href="https://cdn.jsdelivr.net/gh/extent-framework/extent-github-cdn@ce8b10435bcbae260c334c0d0c6b61d2c19b6168/spark/css/spark-style.css" rel="stylesheet" />
<link href="https://stackpath.bootstrapcdn.com/font-awesome/4.7.0/css/font-awesome.min.css" rel="stylesheet">
<script src="https://cdn.jsdelivr.net/gh/extent-framework/extent-github-cdn@7cc78ce/spark/js/jsontree.js"></script>
<style type="text/css"></style></head><body class="spa -report standard">
  <div class="app">
    <div class="layout">
<div class="header navbar">
<div class="vheader">
<div class="nav-logo">
<a href="#">
<div class="logo" style="background-image: url('https://cdn.jsdelivr.net/gh/extent-framework/extent-github-cdn@b00a2d0486596e73dd7326beacf352c639623a0e/commons/img/logo.png')"></div>
</a>
</div>
<ul class="nav-left">
<li class="search-box">
<a class="search-toggle" href="#">
<i class="search-icon fa fa-search"></i>
<i class="search-icon-close fa fa-close"></i>
</a>
</li>
<li class="search-input"><input id="search-tests" class="form-control" type="text" placeholder="Search..."></li>
</ul>
<ul class="nav-right">
<li class="m-r-10">
<a href="#"><span class="badge badge-primary">Storyboard Systems - Test Execution Report</span></a>
</li>
<li class="m-r-10">
<a href="#"><span class="badge badge-primary">Apr 4, 2025 12:29:18 PM</span></a>
</li>
</ul>
</div>
</div><div class="side-nav">
<div class="side-nav-inner">
<ul class="side-nav-menu">
<li class="nav-item dropdown" onclick="toggleView('test-view')">
<a id="nav-test" class="dropdown-toggle" href="#">
<span class="ico"><i class="fa fa-list"></i></span>
</a>
</li>
<li class="nav-item dropdown" onclick="toggleView('exception-view')">
<a id="nav-exception" class="dropdown-toggle" href="#">
<span class="ico"><i class="fa fa-bug"></i></span>
</a>
</li>
<li class="nav-item dropdown" onclick="toggleView('dashboard-view')">
<a id="nav-dashboard" class="dropdown-toggle" href="#">
<span class="ico"><i class="fa fa-bar-chart"></i></span>
</a>
</li>
</ul>
</div>
</div>      <div class="vcontainer">
        <div class="main-content">
<div class="test-wrapper row view test-view">
  <div class="test-list">
    <div class="test-list-tools">
<ul class="tools pull-left">
<li><a href="#"><span class="font-size-14">Tests</span></a></li>
</ul>
<ul class="tools text-right">
<li class="dropdown">
<a href="#" class="dropdown-toggle" data-toggle="dropdown"><i class="fa fa-exclamation-circle"></i></a>
<ul id="status-toggle" class="dropdown-menu dropdown-md p-v-0">
<a class="dropdown-item" status="fail" href="#"><span>Fail</span><span class="status danger"></span></a>
<div class="dropdown-divider"></div>
<a status="clear" class="dropdown-item" href="#"><span>Clear</span><span class="pull-right"><i class="fa fa-close"></i></span></a>
</ul>
</li>
</ul>
</div>    <div class="test-list-wrapper scrollable">
      <ul class="test-list-item">
        <li class="test-item"  status="fail" test-id="1"
          author=""
          tag=""
          device="">
          <div class="test-detail">
            <p class="name">runSingleScenario</p>
            <p class="text-sm">
              <span>12:29:19‚ÄØPM</span> / <span>00:00:26:730</span>
              <span class="badge fail-bg log float-right">Fail</span>
            </p>
          </div>
          <div class="test-contents d-none">
<div class="detail-head">
<div class="p-v-10">
<div class="info">
<h5 class="test-status text-fail">runSingleScenario</h5>
<span class='badge badge-success'>04.04.2025 12:29:19‚ÄØPM</span>
<span class='badge badge-danger'>04.04.2025 12:29:46‚ÄØPM</span>
<span class='badge badge-default'>00:00:26:730</span>
&middot; <span class='uri-anchor badge badge-default'>#test-id=1</span>
<span title='Skip to the next failed step' class='badge badge-danger pointer float-right ne ml-1'><i class="fa fa-fast-forward"></i></span>
<span title='Collapse all nodes' class='badge badge-default pointer float-right ct ml-1'><i class="fa fa-compress"></i></span>
<span title='Expand all nodes' class='badge badge-default pointer float-right et'><i class="fa fa-expand"></i></span>
</div>
</div>
</div>    <div class="row mb-3"><div class="col-md-3">
    

<img data-featherlight='C:\Users\SankaraNarayanan\IdeaProjects\StoryboardsSystems/test-output/screenshots/AFTER_SUBMIT_FAIL_findElement_20250404_122935_474.png' src="C:\Users\SankaraNarayanan\IdeaProjects\StoryboardsSystems/test-output/screenshots/AFTER_SUBMIT_FAIL_findElement_20250404_122935_474.png">
  
    

    </div></div>
    <div class="row mb-3"><div class="col-md-3">
    

<img data-featherlight='C:\Users\SankaraNarayanan\IdeaProjects\StoryboardsSystems/test-output/screenshots/ERROR_findElement_20250404_122935_590.png' src="C:\Users\SankaraNarayanan\IdeaProjects\StoryboardsSystems/test-output/screenshots/ERROR_findElement_20250404_122935_590.png">
  
    

    </div></div>
    <div class="row mb-3"><div class="col-md-3">
    

<img data-featherlight='C:\Users\SankaraNarayanan\IdeaProjects\StoryboardsSystems/test-output/screenshots/AFTER_SUBMIT_FAIL_Check if Direct PO Page is Loaded_20250404_122945_797.png' src="C:\Users\SankaraNarayanan\IdeaProjects\StoryboardsSystems/test-output/screenshots/AFTER_SUBMIT_FAIL_Check if Direct PO Page is Loaded_20250404_122945_797.png">
  
    

    </div></div>
    <div class="row mb-3"><div class="col-md-3">
    

<img data-featherlight='C:\Users\SankaraNarayanan\IdeaProjects\StoryboardsSystems/test-output/screenshots/ERROR_Check if Direct PO Page is Loaded_20250404_122945_914.png' src="C:\Users\SankaraNarayanan\IdeaProjects\StoryboardsSystems/test-output/screenshots/ERROR_Check if Direct PO Page is Loaded_20250404_122945_914.png">
  
    

    </div></div>
    <div class="row mb-3"><div class="col-md-3">
    

<img data-featherlight='C:\Users\SankaraNarayanan\IdeaProjects\StoryboardsSystems/test-output/screenshots/FAIL_runSingleScenario_20250404_122946_015.png' src="C:\Users\SankaraNarayanan\IdeaProjects\StoryboardsSystems/test-output/screenshots/FAIL_runSingleScenario_20250404_122946_015.png">
  
    

    </div></div>
<div class="detail-body mt-4">
<table class="table table-sm">
  <thead><tr><th class="status-col">Status</th><th class="timestamp-col">Timestamp</th><th class="details-col">Details</th></tr></thead>
  <tbody>
      <tr class="event-row">
        <td><span class="badge log info-bg">Info</span></td>
        <td>12:29:20‚ÄØPM</td>
        <td>
          <details><summary><b>‚ÑπÔ∏è Info in findElement</b></summary><pre>‚úî Successfully executed: findElement</pre></details>
        </td>
      </tr>
      <tr class="event-row">
        <td><span class="badge log info-bg">Info</span></td>
        <td>12:29:20‚ÄØPM</td>
        <td>
          <details><summary><b>‚ÑπÔ∏è Info in findElement</b></summary><pre>‚úî Successfully executed: findElement</pre></details>
        </td>
      </tr>
      <tr class="event-row">
        <td><span class="badge log info-bg">Info</span></td>
        <td>12:29:20‚ÄØPM</td>
        <td>
          <details><summary><b>‚ÑπÔ∏è Info in findElement</b></summary><pre>‚úî Successfully executed: findElement</pre></details>
        </td>
      </tr>
      <tr class="event-row">
        <td><span class="badge log info-bg">Info</span></td>
        <td>12:29:20‚ÄØPM</td>
        <td>
          <details><summary><b>‚ÑπÔ∏è Info in findElement</b></summary><pre>‚úî Successfully executed: findElement</pre></details>
        </td>
      </tr>
      <tr class="event-row">
        <td><span class="badge log info-bg">Info</span></td>
        <td>12:29:20‚ÄØPM</td>
        <td>
          <details><summary><b>‚ÑπÔ∏è Info in findElement</b></summary><pre>‚úî Successfully executed: findElement</pre></details>
        </td>
      </tr>
      <tr class="event-row">
        <td><span class="badge log info-bg">Info</span></td>
        <td>12:29:21‚ÄØPM</td>
        <td>
          Login successful for user: Superadmin
        </td>
      </tr>
      <tr class="event-row">
        <td><span class="badge log info-bg">Info</span></td>
        <td>12:29:35‚ÄØPM</td>
        <td>
          <details><summary><b>‚ÑπÔ∏è Info in UnknownMethod</b></summary><pre>üì∏ Screenshot captured: C:\Users\SankaraNarayanan\IdeaProjects\StoryboardsSystems/test-output/screenshots/AFTER_SUBMIT_FAIL_findElement_20250404_122935_474.png</pre></details>
        </td>
      </tr>
      <tr class="event-row">
        <td><span class="badge log fail-bg">Fail</span></td>
        <td>12:29:35‚ÄØPM</td>
        <td>
          <details><summary><b>‚ùó Error in UnknownMethod</b></summary><pre>Exception in Test: findElement | Expected condition failed: waiting for visibility of element located by By.id: terms-conditions-dropdown (tried for 10 second(s) with 500 milliseconds interval)
Build info: version: '4.28.1', revision: '73f5ad48a2'
System info: os.name: 'Windows 10', os.arch: 'amd64', os.version: '10.0', java.version: '21.0.1'
Driver info: org.openqa.selenium.chrome.ChromeDriver
Capabilities {acceptInsecureCerts: false, browserName: chrome, browserVersion: 135.0.7049.41, chrome: {chromedriverVersion: 135.0.7049.42 (0f351bbd2617..., userDataDir: C:\Users\SANKAR~1\AppData\L...}, fedcm:accounts: true, goog:chromeOptions: {debuggerAddress: localhost:55830}, networkConnectionEnabled: false, pageLoadStrategy: normal, platformName: windows, proxy: Proxy(), se:cdp: ws://localhost:55830/devtoo..., se:cdpVersion: 135.0.7049.41, setWindowRect: true, strictFileInteractability: false, timeouts: {implicit: 0, pageLoad: 300000, script: 30000}, unhandledPromptBehavior: dismiss and notify, webauthn:extension:credBlob: true, webauthn:extension:largeBlob: true, webauthn:extension:minPinLength: true, webauthn:extension:prf: true, webauthn:virtualAuthenticators: true}
Session ID: 60c8e6a71d4b4e1f24ca45bf05d9be03</pre></details>
        </td>
      </tr>
      <tr class="event-row">
        <td><span class="badge log info-bg">Info</span></td>
        <td>12:29:35‚ÄØPM</td>
        <td>
          <details><summary><b>‚ÑπÔ∏è Info in UnknownMethod</b></summary><pre>üì∏ Screenshot captured: C:\Users\SankaraNarayanan\IdeaProjects\StoryboardsSystems/test-output/screenshots/ERROR_findElement_20250404_122935_590.png</pre></details>
        </td>
      </tr>
      <tr class="event-row">
        <td><span class="badge log info-bg">Info</span></td>
        <td>12:29:45‚ÄØPM</td>
        <td>
          <details><summary><b>‚ÑπÔ∏è Info in UnknownMethod</b></summary><pre>üì∏ Screenshot captured: C:\Users\SankaraNarayanan\IdeaProjects\StoryboardsSystems/test-output/screenshots/AFTER_SUBMIT_FAIL_Check if Direct PO Page is Loaded_20250404_122945_797.png</pre></details>
        </td>
      </tr>
      <tr class="event-row">
        <td><span class="badge log fail-bg">Fail</span></td>
        <td>12:29:45‚ÄØPM</td>
        <td>
          <details><summary><b>‚ùó Error in UnknownMethod</b></summary><pre>Exception in Test: Check if Direct PO Page is Loaded | Expected condition failed: waiting for visibility of element located by By.xpath: //h1[contains(.,'Direct Purchase Order')] (tried for 10 second(s) with 500 milliseconds interval)
Build info: version: '4.28.1', revision: '73f5ad48a2'
System info: os.name: 'Windows 10', os.arch: 'amd64', os.version: '10.0', java.version: '21.0.1'
Driver info: org.openqa.selenium.chrome.ChromeDriver
Capabilities {acceptInsecureCerts: false, browserName: chrome, browserVersion: 135.0.7049.41, chrome: {chromedriverVersion: 135.0.7049.42 (0f351bbd2617..., userDataDir: C:\Users\SANKAR~1\AppData\L...}, fedcm:accounts: true, goog:chromeOptions: {debuggerAddress: localhost:55830}, networkConnectionEnabled: false, pageLoadStrategy: normal, platformName: windows, proxy: Proxy(), se:cdp: ws://localhost:55830/devtoo..., se:cdpVersion: 135.0.7049.41, setWindowRect: true, strictFileInteractability: false, timeouts: {implicit: 0, pageLoad: 300000, script: 30000}, unhandledPromptBehavior: dismiss and notify, webauthn:extension:credBlob: true, webauthn:extension:largeBlob: true, webauthn:extension:minPinLength: true, webauthn:extension:prf: true, webauthn:virtualAuthenticators: true}
Session ID: 60c8e6a71d4b4e1f24ca45bf05d9be03</pre></details>
        </td>
      </tr>
      <tr class="event-row">
        <td><span class="badge log info-bg">Info</span></td>
        <td>12:29:45‚ÄØPM</td>
        <td>
          <details><summary><b>‚ÑπÔ∏è Info in UnknownMethod</b></summary><pre>üì∏ Screenshot captured: C:\Users\SankaraNarayanan\IdeaProjects\StoryboardsSystems/test-output/screenshots/ERROR_Check if Direct PO Page is Loaded_20250404_122945_914.png</pre></details>
        </td>
      </tr>
      <tr class="event-row">
        <td><span class="badge log info-bg">Info</span></td>
        <td>12:29:46‚ÄØPM</td>
        <td>
          <details><summary><b>‚ÑπÔ∏è Info in tearDownTest</b></summary><pre>üì∏ Screenshot captured: C:\Users\SankaraNarayanan\IdeaProjects\StoryboardsSystems/test-output/screenshots/FAIL_runSingleScenario_20250404_122946_015.png</pre></details>
        </td>
      </tr>
      <tr class="event-row">
        <td><span class="badge log fail-bg">Fail</span></td>
        <td>12:29:46‚ÄØPM</td>
        <td>
          <details><summary><b>‚ùó Error in tearDownTest</b></summary><pre>https://erplite.storyboarderp.com/v4/main.89a88e315e2efa56.js 0:1274521 &quot;ERROR&quot; TypeError: Cannot read properties of undefined (reading 'segments')
    at x.isInPaymentsPage (https://erplite.storyboarderp.com/v4/main.89a88e315e2efa56.js:1:488737)
    at template (https://erplite.storyboarderp.com/v4/main.89a88e315e2efa56.js:1:489312)
    at dp.runInContext (https://erplite.storyboarderp.com/v4/main.89a88e315e2efa56.js:1:1275040)
    at _p (https://erplite.storyboarderp.com/v4/main.89a88e315e2efa56.js:1:1277215)
    at Ip (https://erplite.storyboarderp.com/v4/main.89a88e315e2efa56.js:1:1286750)
    at Rp (https://erplite.storyboarderp.com/v4/main.89a88e315e2efa56.js:1:1287954)
    at Wb (https://erplite.storyboarderp.com/v4/main.89a88e315e2efa56.js:1:1287817)
    at Up (https://erplite.storyboarderp.com/v4/main.89a88e315e2efa56.js:1:1288096)
    at Ip (https://erplite.storyboarderp.com/v4/main.89a88e315e2efa56.js:1:1287473)
    at Yu (https://erplite.storyboarderp.com/v4/main.89a88e315e2efa56.js:1:1286472)</pre></details>
        </td>
      </tr>
      <tr class="event-row">
        <td><span class="badge log fail-bg">Fail</span></td>
        <td>12:29:46‚ÄØPM</td>
        <td>
          <details><summary><b>‚ùó Error in tearDownTest</b></summary><pre>https://erplite.storyboarderp.com/v4/assets/Audio/logon_tone.mp3 - Failed to load resource: the server responded with a status of 404 ()</pre></details>
        </td>
      </tr>
      <tr class="event-row">
        <td><span class="badge log fail-bg">Fail</span></td>
        <td>12:29:46‚ÄØPM</td>
        <td>
          <details><summary><b>‚ùó Error in tearDownTest</b></summary><pre>https://erplite.storyboarderp.com/v4/#/auth/login 0:0 Uncaught DOMException: Failed to load because no supported source was found.</pre></details>
        </td>
      </tr>
      <tr class="event-row">
        <td><span class="badge log fail-bg">Fail</span></td>
        <td>12:29:46‚ÄØPM</td>
        <td>
          <details><summary><b>‚ùó Error in tearDownTest</b></summary><pre>https://erplite.storyboarderp.com/v4/main.89a88e315e2efa56.js 0:1274521 &quot;ERROR&quot; TypeError: Cannot read properties of undefined (reading 'totalDays')
    at Object.next (https://erplite.storyboarderp.com/v4/hrm-module.afa1346a908a22da.js:1:1695180)
    at Se.next (https://erplite.storyboarderp.com/v4/main.89a88e315e2efa56.js:1:1142456)
    at Ae._next (https://erplite.storyboarderp.com/v4/main.89a88e315e2efa56.js:1:1142123)
    at Ae.next (https://erplite.storyboarderp.com/v4/main.89a88e315e2efa56.js:1:1141808)
    at https://erplite.storyboarderp.com/v4/main.89a88e315e2efa56.js:1:1153132
    at t._next (https://erplite.storyboarderp.com/v4/main.89a88e315e2efa56.js:1:1151518)
    at t.next (https://erplite.storyboarderp.com/v4/main.89a88e315e2efa56.js:1:1141808)
    at https://erplite.storyboarderp.com/v4/main.89a88e315e2efa56.js:1:1152832
    at t._next (https://erplite.storyboarderp.com/v4/main.89a88e315e2efa56.js:1:1151518)
    at t.next (https://erplite.storyboarderp.com/v4/main.89a88e315e2efa56.js:1:1141808)</pre></details>
        </td>
      </tr>
      <tr class="event-row">
        <td><span class="badge log fail-bg">Fail</span></td>
        <td>12:29:46‚ÄØPM</td>
        <td>
          <details><summary><b>‚ùó Error in tearDownTest</b></summary><pre>https://erplite.storyboarderp.com/v4/main.89a88e315e2efa56.js 0:1274521 &quot;ERROR&quot; Error: Uncaught (in promise): TypeError: Cannot read properties of undefined (reading 'type')
TypeError: Cannot read properties of undefined (reading 'type')
    at v.value (https://erplite.storyboarderp.com/v4/default-node_modules_ng-apexcharts_fesm2020_ng-apexcharts_mjs.5eb13394b7867a41.js:1:81573)
    at v.value (https://erplite.storyboarderp.com/v4/default-node_modules_ng-apexcharts_fesm2020_ng-apexcharts_mjs.5eb13394b7867a41.js:1:90010)
    at new v (https://erplite.storyboarderp.com/v4/default-node_modules_ng-apexcharts_fesm2020_ng-apexcharts_mjs.5eb13394b7867a41.js:9:21157)
    at https://erplite.storyboarderp.com/v4/default-node_modules_ng-apexcharts_fesm2020_ng-apexcharts_mjs.5eb13394b7867a41.js:9:48737
    at v.invoke (https://erplite.storyboarderp.com/v4/polyfills.e4f0d6e9859019ee.js:1:6549)
    at h.run (https://erplite.storyboarderp.com/v4/polyfills.e4f0d6e9859019ee.js:1:1915)
    at Ei.runOutsideAngular (https://erplite.storyboarderp.com/v4/main.89a88e315e2efa56.js:1:1339477)
    at V.createElement (https://erplite.storyboarderp.com/v4/default-node_modules_ng-apexcharts_fesm2020_ng-apexcharts_mjs.5eb13394b7867a41.js:9:48700)
    at D.&lt;anonymous&gt; (https://erplite.storyboarderp.com/v4/default-node_modules_ng-apexcharts_fesm2020_ng-apexcharts_mjs.5eb13394b7867a41.js:9:47684)
    at D._execute (https://erplite.storyboarderp.com/v4/main.89a88e315e2efa56.js:1:1158619)
    at v.value (https://erplite.storyboarderp.com/v4/default-node_modules_ng-apexcharts_fesm2020_ng-apexcharts_mjs.5eb13394b7867a41.js:1:81573)
    at v.value (https://erplite.storyboarderp.com/v4/default-node_modules_ng-apexcharts_fesm2020_ng-apexcharts_mjs.5eb13394b7867a41.js:1:90010)
    at new v (https://erplite.storyboarderp.com/v4/default-node_modules_ng-apexcharts_fesm2020_ng-apexcharts_mjs.5eb13394b7867a41.js:9:21157)
    at https://erplite.storyboarderp.com/v4/default-node_modules_ng-apexcharts_fesm2020_ng-apexcharts_mjs.5eb13394b7867a41.js:9:48737
    at v.invoke (https://erplite.storyboarderp.com/v4/polyfills.e4f0d6e9859019ee.js:1:6549)
    at h.run (https://erplite.storyboarderp.com/v4/polyfills.e4f0d6e9859019ee.js:1:1915)
    at Ei.runOutsideAngular (https://erplite.storyboarderp.com/v4/main.89a88e315e2efa56.js:1:1339477)
    at V.createElement (https://erplite.storyboarderp.com/v4/default-node_modules_ng-apexcharts_fesm2020_ng-apexcharts_mjs.5eb13394b7867a41.js:9:48700)
    at D.&lt;anonymous&gt; (https://erplite.storyboarderp.com/v4/default-node_modules_ng-apexcharts_fesm2020_ng-apexcharts_mjs.5eb13394b7867a41.js:9:47684)
    at D._execute (https://erplite.storyboarderp.com/v4/main.89a88e315e2efa56.js:1:1158619)
    at Y (https://erplite.storyboarderp.com/v4/polyfills.e4f0d6e9859019ee.js:1:15964)
    at https://erplite.storyboarderp.com/v4/polyfills.e4f0d6e9859019ee.js:1:16815
    at v.invokeTask (https://erplite.storyboarderp.com/v4/polyfills.e4f0d6e9859019ee.js:1:7167)
    at Object.onInvokeTask (https://erplite.storyboarderp.com/v4/main.89a88e315e2efa56.js:1:1338424)
    at v.invokeTask (https://erplite.storyboarderp.com/v4/polyfills.e4f0d6e9859019ee.js:1:7088)
    at h.runTask (https://erplite.storyboarderp.com/v4/polyfills.e4f0d6e9859019ee.js:1:2532)
    at T (https://erplite.storyboarderp.com/v4/polyfills.e4f0d6e9859019ee.js:1:9184)</pre></details>
        </td>
      </tr>
      <tr class="event-row">
        <td><span class="badge log fail-bg">Fail</span></td>
        <td>12:29:46‚ÄØPM</td>
        <td>
          <details><summary><b>‚ùó Error in tearDownTest</b></summary><pre>https://erplite.storyboarderp.com/v4/main.89a88e315e2efa56.js 0:1274521 &quot;ERROR&quot; TypeError: Cannot read properties of undefined (reading 'chart')
    at v.value (https://erplite.storyboarderp.com/v4/default-node_modules_ng-apexcharts_fesm2020_ng-apexcharts_mjs.5eb13394b7867a41.js:1:81567)
    at v.value (https://erplite.storyboarderp.com/v4/default-node_modules_ng-apexcharts_fesm2020_ng-apexcharts_mjs.5eb13394b7867a41.js:1:90010)
    at new v (https://erplite.storyboarderp.com/v4/default-node_modules_ng-apexcharts_fesm2020_ng-apexcharts_mjs.5eb13394b7867a41.js:9:21157)
    at c.renderChart (https://erplite.storyboarderp.com/v4/pmr-module.1faccd77348940e2.js:1:377338)
    at c.getpurchaseordersixmonths (https://erplite.storyboarderp.com/v4/pmr-module.1faccd77348940e2.js:1:377243)
    at c.ngOnInit (https://erplite.storyboarderp.com/v4/pmr-module.1faccd77348940e2.js:1:375800)
    at dl (https://erplite.storyboarderp.com/v4/main.89a88e315e2efa56.js:1:1246420)
    at $l (https://erplite.storyboarderp.com/v4/main.89a88e315e2efa56.js:1:1246567)
    at cl (https://erplite.storyboarderp.com/v4/main.89a88e315e2efa56.js:1:1246324)
    at qs (https://erplite.storyboarderp.com/v4/main.89a88e315e2efa56.js:1:1246049)</pre></details>
        </td>
      </tr>
      <tr class="event-row">
        <td><span class="badge log fail-bg">Fail</span></td>
        <td>12:29:46‚ÄØPM</td>
        <td>
          <details><summary><b>‚ùó Error in tearDownTest</b></summary><pre>https://erplite.storyboarderp.com/v4/main.89a88e315e2efa56.js 0:1274521 &quot;ERROR&quot; TypeError: Cannot read properties of null (reading 'addControl')
    at J._setUpControl (https://erplite.storyboarderp.com/v4/main.89a88e315e2efa56.js:1:1399652)
    at J.ngOnChanges (https://erplite.storyboarderp.com/v4/main.89a88e315e2efa56.js:1:1399157)
    at J.Ls (https://erplite.storyboarderp.com/v4/main.89a88e315e2efa56.js:1:1241723)
    at dl (https://erplite.storyboarderp.com/v4/main.89a88e315e2efa56.js:1:1246420)
    at $l (https://erplite.storyboarderp.com/v4/main.89a88e315e2efa56.js:1:1246576)
    at cl (https://erplite.storyboarderp.com/v4/main.89a88e315e2efa56.js:1:1246324)
    at qs (https://erplite.storyboarderp.com/v4/main.89a88e315e2efa56.js:1:1246049)
    at hp (https://erplite.storyboarderp.com/v4/main.89a88e315e2efa56.js:1:1275440)
    at Object.pp (https://erplite.storyboarderp.com/v4/main.89a88e315e2efa56.js:1:1275284)
    at template (https://erplite.storyboarderp.com/v4/pmr-module.1faccd77348940e2.js:1:386778)</pre></details>
        </td>
      </tr>
      <tr class="event-row">
        <td><span class="badge log fail-bg">Fail</span></td>
        <td>12:29:46‚ÄØPM</td>
        <td>
          <details><summary><b>‚ùó Error in tearDownTest</b></summary><pre>https://erplite.storyboarderp.com/v4/main.89a88e315e2efa56.js 0:1274521 &quot;ERROR&quot; TypeError: Cannot read properties of undefined (reading 'series')
    at $e (https://erplite.storyboarderp.com/v4/pmr-module.1faccd77348940e2.js:1:369503)
    at dp.runInContext (https://erplite.storyboarderp.com/v4/main.89a88e315e2efa56.js:1:1275040)
    at _p (https://erplite.storyboarderp.com/v4/main.89a88e315e2efa56.js:1:1277215)
    at Ip (https://erplite.storyboarderp.com/v4/main.89a88e315e2efa56.js:1:1286750)
    at Rp (https://erplite.storyboarderp.com/v4/main.89a88e315e2efa56.js:1:1287954)
    at $p (https://erplite.storyboarderp.com/v4/main.89a88e315e2efa56.js:1:1287787)
    at Ip (https://erplite.storyboarderp.com/v4/main.89a88e315e2efa56.js:1:1287035)
    at Rp (https://erplite.storyboarderp.com/v4/main.89a88e315e2efa56.js:1:1287954)
    at Wb (https://erplite.storyboarderp.com/v4/main.89a88e315e2efa56.js:1:1287817)
    at Up (https://erplite.storyboarderp.com/v4/main.89a88e315e2efa56.js:1:1288096)</pre></details>
        </td>
      </tr>
      <tr class="event-row">
        <td><span class="badge log fail-bg">Fail</span></td>
        <td>12:29:46‚ÄØPM</td>
        <td>
          <details><summary><b>‚ùó Error in tearDownTest</b></summary><pre>https://erplite.storyboarderp.com/v4/main.89a88e315e2efa56.js 0:1274521 &quot;ERROR&quot; TypeError: Cannot read properties of undefined (reading 'series')
    at $e (https://erplite.storyboarderp.com/v4/pmr-module.1faccd77348940e2.js:1:369503)
    at dp.runInContext (https://erplite.storyboarderp.com/v4/main.89a88e315e2efa56.js:1:1275040)
    at _p (https://erplite.storyboarderp.com/v4/main.89a88e315e2efa56.js:1:1277215)
    at Ip (https://erplite.storyboarderp.com/v4/main.89a88e315e2efa56.js:1:1286750)
    at Rp (https://erplite.storyboarderp.com/v4/main.89a88e315e2efa56.js:1:1287954)
    at $p (https://erplite.storyboarderp.com/v4/main.89a88e315e2efa56.js:1:1287787)
    at Ip (https://erplite.storyboarderp.com/v4/main.89a88e315e2efa56.js:1:1287035)
    at Rp (https://erplite.storyboarderp.com/v4/main.89a88e315e2efa56.js:1:1287954)
    at Wb (https://erplite.storyboarderp.com/v4/main.89a88e315e2efa56.js:1:1287817)
    at Up (https://erplite.storyboarderp.com/v4/main.89a88e315e2efa56.js:1:1288096)</pre></details>
        </td>
      </tr>
      <tr class="event-row">
        <td><span class="badge log fail-bg">Fail</span></td>
        <td>12:29:46‚ÄØPM</td>
        <td>
          <details><summary><b>‚ùó Error in tearDownTest</b></summary><pre>‚ö†Ô∏è Failed to capture network logs: invalid argument: log type 'performance' not found
  (Session info: chrome=135.0.7049.41)
Build info: version: '4.28.1', revision: '73f5ad48a2'
System info: os.name: 'Windows 10', os.arch: 'amd64', os.version: '10.0', java.version: '21.0.1'
Driver info: org.openqa.selenium.chrome.ChromeDriver
Command: [60c8e6a71d4b4e1f24ca45bf05d9be03, getLog {type=performance}]
Capabilities {acceptInsecureCerts: false, browserName: chrome, browserVersion: 135.0.7049.41, chrome: {chromedriverVersion: 135.0.7049.42 (0f351bbd2617..., userDataDir: C:\Users\SANKAR~1\AppData\L...}, fedcm:accounts: true, goog:chromeOptions: {debuggerAddress: localhost:55830}, networkConnectionEnabled: false, pageLoadStrategy: normal, platformName: windows, proxy: Proxy(), se:cdp: ws://localhost:55830/devtoo..., se:cdpVersion: 135.0.7049.41, setWindowRect: true, strictFileInteractability: false, timeouts: {implicit: 0, pageLoad: 300000, script: 30000}, unhandledPromptBehavior: dismiss and notify, webauthn:extension:credBlob: true, webauthn:extension:largeBlob: true, webauthn:extension:minPinLength: true, webauthn:extension:prf: true, webauthn:virtualAuthenticators: true}
Session ID: 60c8e6a71d4b4e1f24ca45bf05d9be03</pre></details>
        </td>
      </tr>
      <tr class="event-row">
        <td><span class="badge log fail-bg">Fail</span></td>
        <td>12:29:46‚ÄØPM</td>
        <td>
          <textarea readonly class="code-block">java.lang.RuntimeException: org.openqa.selenium.TimeoutException: Expected condition failed: waiting for visibility of element located by By.xpath: //h1[contains(.,'Direct Purchase Order')] (tried for 10 second(s) with 500 milliseconds interval)
Build info: version: '4.28.1', revision: '73f5ad48a2'
System info: os.name: 'Windows 10', os.arch: 'amd64', os.version: '10.0', java.version: '21.0.1'
Driver info: org.openqa.selenium.chrome.ChromeDriver
Capabilities {acceptInsecureCerts: false, browserName: chrome, browserVersion: 135.0.7049.41, chrome: {chromedriverVersion: 135.0.7049.42 (0f351bbd2617..., userDataDir: C:\Users\SANKAR~1\AppData\L...}, fedcm:accounts: true, goog:chromeOptions: {debuggerAddress: localhost:55830}, networkConnectionEnabled: false, pageLoadStrategy: normal, platformName: windows, proxy: Proxy(), se:cdp: ws://localhost:55830/devtoo..., se:cdpVersion: 135.0.7049.41, setWindowRect: true, strictFileInteractability: false, timeouts: {implicit: 0, pageLoad: 300000, script: 30000}, unhandledPromptBehavior: dismiss and notify, webauthn:extension:credBlob: true, webauthn:extension:largeBlob: true, webauthn:extension:minPinLength: true, webauthn:extension:prf: true, webauthn:virtualAuthenticators: true}
Session ID: 60c8e6a71d4b4e1f24ca45bf05d9be03
	at com.Vcidex.StoryboardSystems.Utils.Reporting.ErrorHandler.handleException(ErrorHandler.java:263)
	at com.Vcidex.StoryboardSystems.Utils.Reporting.ErrorHandler.executeCommon(ErrorHandler.java:179)
	at com.Vcidex.StoryboardSystems.Utils.Reporting.ErrorHandler.executeSafely(ErrorHandler.java:153)
	at com.Vcidex.StoryboardSystems.Purchase.Pages.Purchase_Order.Direct_PO.isDirectPOPageLoaded(Direct_PO.java:41)
	at com.Vcidex.StoryboardSystems.Purchase.DirectPO_Flow.DirectPO_Text_Run.runSingleScenario(DirectPO_Text_Run.java:48)
	at java.base/jdk.internal.reflect.DirectMethodHandleAccessor.invoke(DirectMethodHandleAccessor.java:103)
	at java.base/java.lang.reflect.Method.invoke(Method.java:580)
	at org.testng.internal.invokers.MethodInvocationHelper.invokeMethod(MethodInvocationHelper.java:141)
	at org.testng.internal.invokers.TestInvoker.invokeMethod(TestInvoker.java:686)
	at org.testng.internal.invokers.TestInvoker.invokeTestMethod(TestInvoker.java:230)
	at org.testng.internal.invokers.MethodRunner.runInSequence(MethodRunner.java:63)
	at org.testng.internal.invokers.TestInvoker$MethodInvocationAgent.invoke(TestInvoker.java:992)
	at org.testng.internal.invokers.TestInvoker.invokeTestMethods(TestInvoker.java:203)
	at org.testng.internal.invokers.TestMethodWorker.invokeTestMethods(TestMethodWorker.java:154)
	at org.testng.internal.invokers.TestMethodWorker.run(TestMethodWorker.java:134)
	at java.base/java.util.ArrayList.forEach(ArrayList.java:1596)
	at org.testng.TestRunner.privateRun(TestRunner.java:739)
	at org.testng.TestRunner.run(TestRunner.java:614)
	at org.testng.SuiteRunner.runTest(SuiteRunner.java:421)
	at org.testng.SuiteRunner.runSequentially(SuiteRunner.java:413)
	at org.testng.SuiteRunner.privateRun(SuiteRunner.java:373)
	at org.testng.SuiteRunner.run(SuiteRunner.java:312)
	at org.testng.SuiteRunnerWorker.runSuite(SuiteRunnerWorker.java:52)
	at org.testng.SuiteRunnerWorker.run(SuiteRunnerWorker.java:95)
	at org.testng.TestNG.runSuitesSequentially(TestNG.java:1274)
	at org.testng.TestNG.runSuitesLocally(TestNG.java:1208)
	at org.testng.TestNG.runSuites(TestNG.java:1112)
	at org.testng.TestNG.run(TestNG.java:1079)
	at com.intellij.rt.testng.IDEARemoteTestNG.run(IDEARemoteTestNG.java:65)
	at com.intellij.rt.testng.RemoteTestNGStarter.main(RemoteTestNGStarter.java:105)
Caused by: org.openqa.selenium.TimeoutException: Expected condition failed: waiting for visibility of element located by By.xpath: //h1[contains(.,'Direct Purchase Order')] (tried for 10 second(s) with 500 milliseconds interval)
Build info: version: '4.28.1', revision: '73f5ad48a2'
System info: os.name: 'Windows 10', os.arch: 'amd64', os.version: '10.0', java.version: '21.0.1'
Driver info: org.openqa.selenium.chrome.ChromeDriver
Capabilities {acceptInsecureCerts: false, browserName: chrome, browserVersion: 135.0.7049.41, chrome: {chromedriverVersion: 135.0.7049.42 (0f351bbd2617..., userDataDir: C:\Users\SANKAR~1\AppData\L...}, fedcm:accounts: true, goog:chromeOptions: {debuggerAddress: localhost:55830}, networkConnectionEnabled: false, pageLoadStrategy: normal, platformName: windows, proxy: Proxy(), se:cdp: ws://localhost:55830/devtoo..., se:cdpVersion: 135.0.7049.41, setWindowRect: true, strictFileInteractability: false, timeouts: {implicit: 0, pageLoad: 300000, script: 30000}, unhandledPromptBehavior: dismiss and notify, webauthn:extension:credBlob: true, webauthn:extension:largeBlob: true, webauthn:extension:minPinLength: true, webauthn:extension:prf: true, webauthn:virtualAuthenticators: true}
Session ID: 60c8e6a71d4b4e1f24ca45bf05d9be03
	at org.openqa.selenium.support.ui.WebDriverWait.timeoutException(WebDriverWait.java:84)
	at org.openqa.selenium.support.ui.FluentWait.until(FluentWait.java:228)
	at com.Vcidex.StoryboardSystems.Purchase.Pages.Purchase_Order.Direct_PO.lambda$isDirectPOPageLoaded$0(Direct_PO.java:43)
	at com.Vcidex.StoryboardSystems.Utils.Reporting.ErrorHandler.executeCommon(ErrorHandler.java:166)
	... 28 more
</textarea>
          
        </td>
      </tr>
  </tbody>
</table>
</div>
          </div>
        </li>
      </ul>
    </div>
  </div>
<div class="test-content scrollable">
<div class="test-content-tools">
<ul><li><a class="back-to-test" href="#"><i class="fa fa-arrow-left"></i></a></li></ul>
</div>
<div class="test-content-detail"><div class="detail-body"></div></div>
</div></div>
<div class="test-wrapper row view exception-view attributes-view">
<div class="test-list">
<div class="test-list-tools">
<ul class="tools pull-left"><li><a href=""><span class="font-size-14">Exception</span></a></li></ul>
<ul class="tools text-right"><li><a href="#"><span class="badge badge-primary">1</span></a></li></ul>
</div>
<div class="test-list-wrapper scrollable">
<ul class="test-list-item">
<li class="test-item">
<div class="test-detail">
<span class="meta">
<span class='badge log badge-danger'>1</span>
</span>
<p class="name">java.lang.RuntimeException</p>
<p class="duration text-sm">1 tests</p>
</div>
<div class="test-contents d-none">
<div class="info">
<h4>java.lang.RuntimeException</h4>
<span status="fail" class='badge log badge-danger'>1 failed</span>
</div>
<table class='table table-sm mt-4'>
<thead>
<tr>
<th class="status-col">Status</th>
<th class="timestamp-col">Timestamp</th>
<th>TestName</th>
</tr>
</thead>
<tbody>
<tr class="tag-test-status" status="fail">
<td><span class="badge log fail-bg">Fail</span></td>
<td>12:29:19 PM</td>
<td>
<a href="#" class="linked" test-id='1' id='1'>runSingleScenario</a>
</td>
</tr>
</tbody>
</table>
</div>
</li>
</ul>
</div>
</div>
<div class="test-content scrollable">
<div class="test-content-detail">
<div class="detail-body"></div>
</div>
</div>
</div><div class="container-fluid p-4 view dashboard-view">
<div class="row">
<div class="col-md-3">
<div class="card"><div class="card-body">
<p class="m-b-0">Started</p>
<h3>Apr 4, 2025 12:29:18 PM</h3>
</div></div>
</div>
<div class="col-md-3">
<div class="card"><div class="card-body">
<p class="m-b-0">Ended</p>
<h3>Apr 4, 2025 12:29:46 PM</h3>
</div></div>
</div>
<div class="col-md-3">
<div class="card"><div class="card-body">
<p class="m-b-0 text-pass">Tests Passed</p>
<h3>0</h3>
</div></div>
</div>
<div class="col-md-3">
<div class="card"><div class="card-body">
<p class="m-b-0 text-fail">Tests Failed</p>
<h3>1</h3>
</div></div>
</div>
</div>
<div class="row">
<div class="col-md-6">
<div class="card">
<div class="card-header">
<h6 class="card-title">Tests</h6>
</div>
<div class="card-body">
<div class="">
<canvas id='parent-analysis' width='115' height='90'></canvas>
</div>
</div>
<div class="card-footer">
<div><small data-tooltip='0%'>
<b>0</b> tests passed
</small>
</div>
<div>
<small data-tooltip='100%'><b>1</b> tests failed,
<b>0</b> skipped, <b data-tooltip='0%'>0</b> others
</small>
</div>
</div>
</div>
</div>
<div class="col-md-6">
<div class="card">
<div class="card-header">
<h6 class="card-title">Log events</h6>
</div>
<div class="card-body">
<div class="">
<canvas id='events-analysis' width='115' height='90'></canvas>
</div>
</div>
<div class="card-footer">
<div><small data-tooltip='0%'><b>0</b> events passed</small></div>
<div>
<small data-tooltip='54%'><b>13</b> events failed,
<b data-tooltip='%'>11</b> others
</small>
</div>
</div>
</div>
</div>
</div>
<div class="row"><div class="col-md-12">
<div class="card"><div class="card-header"><p>Timeline</p></div>
<div class="card-body pt-0"><div>
<canvas id="timeline" height="120"></canvas>
</div></div>
</div>
</div></div>
<script>
var timeline = {
"runSingleScenario":26.73
};
</script>
<div class="row">
</div>
</div>
<script>
var statusGroup = {
parentCount: 5,
passParent: 0,
failParent: 1,
warningParent: 0,
skipParent: 0,
childCount: 5,
passChild: 0,
failChild: 0,
warningChild: 0,
skipChild: 0,
infoChild: 0,
grandChildCount: 5,
passGrandChild: 0,
failGrandChild: 0,
warningGrandChild: 0,
skipGrandChild: 0,
infoGrandChild: 0,
eventsCount: 5,
passEvents: 0,
failEvents: 13,
warningEvents: 0,
skipEvents: 0,
infoEvents: 11
};
</script>        </div>
      </div>
    </div>
  </div>
<script src="https://cdn.jsdelivr.net/gh/extent-framework/extent-github-cdn@c05cd28cde1617b9d0c05a831daff6cb97fd9fd5/spark/js/spark-script.js"></script>
<script type="text/javascript"></script></body>
</html>